22:08:08|RAP|WARN|: Double free detected in function "entry_format"
warning: Double free detected during unwinding.
  --> src/filesystem/vfs/syscall/sys_select.rs:37:1
   |
37 | / fn entry_format(&self, args: &[usize]) -> Vec<crate::syscall::table::FormattedSyscallParam> {
38 | |         vec![
39 | |             FormattedSyscallParam::new("nfds", format!("{}", args[0])),
40 | |             FormattedSyscallParam::new("readfds", format!("{:#x}", args[1])),
41 | |             FormattedSyscallParam::new("writefds", format!("{:#x}", args[2])),
42 | |             FormattedSyscallParam::new("exceptfds", format!("{:#x}", args[3])),
43 | |             FormattedSyscallParam::new("timeout", format!("{:#x}", args[4])),
44 | |         ]
45 | |     }
   | |_____- Double free (confidence 99%): Location in file src/filesystem/vfs/syscall/sys_select.rs line 37.
    | MIR detail: Value _25(_, src/filesystem/vfs/syscall/sys_select.rs:40) and _9(_, src/filesystem/vfs/syscall/sys_select.rs:39) are alias.
    | MIR detail: _25(_, src/filesystem/vfs/syscall/sys_select.rs:40) is dropped at BB35(/home/yuzhili/.rustup/toolchains/nightly-2025-08-10-x86_64-unknown-linux-gnu/lib/rustlib/src/rust/library/alloc/src/macros.rs:53); _9(_, src/filesystem/vfs/syscall/sys_select.rs:39) is dropped at BB36(/home/yuzhili/.rustup/toolchains/nightly-2025-08-10-x86_64-unknown-linux-gnu/lib/rustlib/src/rust/library/alloc/src/macros.rs:53).
   |
warning: Double free detected during unwinding.
  --> src/filesystem/vfs/syscall/sys_select.rs:37:1
   |
37 | / fn entry_format(&self, args: &[usize]) -> Vec<crate::syscall::table::FormattedSyscallParam> {
38 | |         vec![
39 | |             FormattedSyscallParam::new("nfds", format!("{}", args[0])),
40 | |             FormattedSyscallParam::new("readfds", format!("{:#x}", args[1])),
41 | |             FormattedSyscallParam::new("writefds", format!("{:#x}", args[2])),
42 | |             FormattedSyscallParam::new("exceptfds", format!("{:#x}", args[3])),
43 | |             FormattedSyscallParam::new("timeout", format!("{:#x}", args[4])),
44 | |         ]
45 | |     }
   | |_____- Double free (confidence 99%): Location in file src/filesystem/vfs/syscall/sys_select.rs line 37.
    | MIR detail: Value _75(_, src/filesystem/vfs/syscall/sys_select.rs:42) and _50(_, src/filesystem/vfs/syscall/sys_select.rs:41) are alias.
    | MIR detail: _75(_, src/filesystem/vfs/syscall/sys_select.rs:42) is dropped at BB33(/home/yuzhili/.rustup/toolchains/nightly-2025-08-10-x86_64-unknown-linux-gnu/lib/rustlib/src/rust/library/alloc/src/macros.rs:53); _50(_, src/filesystem/vfs/syscall/sys_select.rs:41) is dropped at BB34(/home/yuzhili/.rustup/toolchains/nightly-2025-08-10-x86_64-unknown-linux-gnu/lib/rustlib/src/rust/library/alloc/src/macros.rs:53).
   |
warning: Double free detected during unwinding.
  --> src/filesystem/vfs/syscall/sys_select.rs:37:1
   |
37 | / fn entry_format(&self, args: &[usize]) -> Vec<crate::syscall::table::FormattedSyscallParam> {
38 | |         vec![
39 | |             FormattedSyscallParam::new("nfds", format!("{}", args[0])),
40 | |             FormattedSyscallParam::new("readfds", format!("{:#x}", args[1])),
41 | |             FormattedSyscallParam::new("writefds", format!("{:#x}", args[2])),
42 | |             FormattedSyscallParam::new("exceptfds", format!("{:#x}", args[3])),
43 | |             FormattedSyscallParam::new("timeout", format!("{:#x}", args[4])),
44 | |         ]
45 | |     }
   | |_____- Double free (confidence 99%): Location in file src/filesystem/vfs/syscall/sys_select.rs line 37.
    | MIR detail: Value _50(_, src/filesystem/vfs/syscall/sys_select.rs:41) and _25(_, src/filesystem/vfs/syscall/sys_select.rs:40) are alias.
    | MIR detail: _50(_, src/filesystem/vfs/syscall/sys_select.rs:41) is dropped at BB34(/home/yuzhili/.rustup/toolchains/nightly-2025-08-10-x86_64-unknown-linux-gnu/lib/rustlib/src/rust/library/alloc/src/macros.rs:53); _25(_, src/filesystem/vfs/syscall/sys_select.rs:40) is dropped at BB35(/home/yuzhili/.rustup/toolchains/nightly-2025-08-10-x86_64-unknown-linux-gnu/lib/rustlib/src/rust/library/alloc/src/macros.rs:53).
   |
render dot for DefId(0:20412 ~ dragonos_kernel[9e38]::filesystem::vfs::syscall::sys_select::{impl#0}::entry_format)
