22:08:08|RAP|WARN|: Double free detected in function "entry_format"
warning: Double free detected during unwinding.
  --> src/filesystem/vfs/syscall/sys_statx.rs:27:1
   |
27 | / fn entry_format(&self, args: &[usize]) -> Vec<FormattedSyscallParam> {
28 | |         vec![
29 | |             FormattedSyscallParam::new("dfd", format!("{:#x}", Self::dfd(args))),
30 | |             FormattedSyscallParam::new("filename_ptr", format!("{:#x}", Self::filename_ptr(args))),
31 | |             FormattedSyscallParam::new("flags", format!("{:#x}", Self::flags(args))),
32 | |             FormattedSyscallParam::new("mask", format!("{:#x}", Self::mask(args))),
33 | |             FormattedSyscallParam::new(
34 | |                 "user_kstat_ptr",
35 | |                 format!("{:#x}", Self::user_kstat_ptr(args)),
36 | |             ),
37 | |         ]
38 | |     }
   | |_____- Double free (confidence 99%): Location in file src/filesystem/vfs/syscall/sys_statx.rs line 27.
    | MIR detail: Value _33(_, src/filesystem/vfs/syscall/sys_statx.rs:30) and _9(_, src/filesystem/vfs/syscall/sys_statx.rs:29) are alias.
    | MIR detail: _33(_, src/filesystem/vfs/syscall/sys_statx.rs:30) is dropped at BB35(/home/yuzhili/.rustup/toolchains/nightly-2025-08-10-x86_64-unknown-linux-gnu/lib/rustlib/src/rust/library/alloc/src/macros.rs:53); _9(_, src/filesystem/vfs/syscall/sys_statx.rs:29) is dropped at BB36(/home/yuzhili/.rustup/toolchains/nightly-2025-08-10-x86_64-unknown-linux-gnu/lib/rustlib/src/rust/library/alloc/src/macros.rs:53).
   |
warning: Double free detected during unwinding.
  --> src/filesystem/vfs/syscall/sys_statx.rs:27:1
   |
27 | / fn entry_format(&self, args: &[usize]) -> Vec<FormattedSyscallParam> {
28 | |         vec![
29 | |             FormattedSyscallParam::new("dfd", format!("{:#x}", Self::dfd(args))),
30 | |             FormattedSyscallParam::new("filename_ptr", format!("{:#x}", Self::filename_ptr(args))),
31 | |             FormattedSyscallParam::new("flags", format!("{:#x}", Self::flags(args))),
32 | |             FormattedSyscallParam::new("mask", format!("{:#x}", Self::mask(args))),
33 | |             FormattedSyscallParam::new(
34 | |                 "user_kstat_ptr",
35 | |                 format!("{:#x}", Self::user_kstat_ptr(args)),
36 | |             ),
37 | |         ]
38 | |     }
   | |_____- Double free (confidence 99%): Location in file src/filesystem/vfs/syscall/sys_statx.rs line 27.
    | MIR detail: Value _57(_, src/filesystem/vfs/syscall/sys_statx.rs:31) and _33(_, src/filesystem/vfs/syscall/sys_statx.rs:30) are alias.
    | MIR detail: _57(_, src/filesystem/vfs/syscall/sys_statx.rs:31) is dropped at BB34(/home/yuzhili/.rustup/toolchains/nightly-2025-08-10-x86_64-unknown-linux-gnu/lib/rustlib/src/rust/library/alloc/src/macros.rs:53); _33(_, src/filesystem/vfs/syscall/sys_statx.rs:30) is dropped at BB35(/home/yuzhili/.rustup/toolchains/nightly-2025-08-10-x86_64-unknown-linux-gnu/lib/rustlib/src/rust/library/alloc/src/macros.rs:53).
   |
warning: Double free detected during unwinding.
  --> src/filesystem/vfs/syscall/sys_statx.rs:27:1
   |
27 | / fn entry_format(&self, args: &[usize]) -> Vec<FormattedSyscallParam> {
28 | |         vec![
29 | |             FormattedSyscallParam::new("dfd", format!("{:#x}", Self::dfd(args))),
30 | |             FormattedSyscallParam::new("filename_ptr", format!("{:#x}", Self::filename_ptr(args))),
31 | |             FormattedSyscallParam::new("flags", format!("{:#x}", Self::flags(args))),
32 | |             FormattedSyscallParam::new("mask", format!("{:#x}", Self::mask(args))),
33 | |             FormattedSyscallParam::new(
34 | |                 "user_kstat_ptr",
35 | |                 format!("{:#x}", Self::user_kstat_ptr(args)),
36 | |             ),
37 | |         ]
38 | |     }
   | |_____- Double free (confidence 99%): Location in file src/filesystem/vfs/syscall/sys_statx.rs line 27.
    | MIR detail: Value _81(_, src/filesystem/vfs/syscall/sys_statx.rs:32) and _57(_, src/filesystem/vfs/syscall/sys_statx.rs:31) are alias.
    | MIR detail: _81(_, src/filesystem/vfs/syscall/sys_statx.rs:32) is dropped at BB33(/home/yuzhili/.rustup/toolchains/nightly-2025-08-10-x86_64-unknown-linux-gnu/lib/rustlib/src/rust/library/alloc/src/macros.rs:53); _57(_, src/filesystem/vfs/syscall/sys_statx.rs:31) is dropped at BB34(/home/yuzhili/.rustup/toolchains/nightly-2025-08-10-x86_64-unknown-linux-gnu/lib/rustlib/src/rust/library/alloc/src/macros.rs:53).
   |
render dot for DefId(0:20469 ~ dragonos_kernel[9e38]::filesystem::vfs::syscall::sys_statx::{impl#0}::entry_format)
