22:08:08|RAP|WARN|: Double free detected in function "entry_format"
warning: Double free detected during unwinding.
  --> src/filesystem/vfs/syscall/sys_utimensat.rs:25:1
   |
25 | / fn entry_format(&self, args: &[usize]) -> Vec<FormattedSyscallParam> {
26 | |         vec![
27 | |             FormattedSyscallParam::new("dirfd", format!("{:#x}", Self::dirfd(args))),
28 | |             FormattedSyscallParam::new("pathname", format!("{:#x}", Self::pathname(args) as usize)),
29 | |             FormattedSyscallParam::new("times", format!("{:#x}", Self::times(args) as usize)),
30 | |             FormattedSyscallParam::new("flags", format!("{:#x}", Self::flags(args))),
31 | |         ]
32 | |     }
   | |_____- Double free (confidence 99%): Location in file src/filesystem/vfs/syscall/sys_utimensat.rs line 25.
    | MIR detail: Value _33(_, src/filesystem/vfs/syscall/sys_utimensat.rs:28) and _9(_, src/filesystem/vfs/syscall/sys_utimensat.rs:27) are alias.
    | MIR detail: _33(_, src/filesystem/vfs/syscall/sys_utimensat.rs:28) is dropped at BB28(/home/yuzhili/.rustup/toolchains/nightly-2025-08-10-x86_64-unknown-linux-gnu/lib/rustlib/src/rust/library/alloc/src/macros.rs:53); _9(_, src/filesystem/vfs/syscall/sys_utimensat.rs:27) is dropped at BB29(/home/yuzhili/.rustup/toolchains/nightly-2025-08-10-x86_64-unknown-linux-gnu/lib/rustlib/src/rust/library/alloc/src/macros.rs:53).
   |
warning: Double free detected during unwinding.
  --> src/filesystem/vfs/syscall/sys_utimensat.rs:25:1
   |
25 | / fn entry_format(&self, args: &[usize]) -> Vec<FormattedSyscallParam> {
26 | |         vec![
27 | |             FormattedSyscallParam::new("dirfd", format!("{:#x}", Self::dirfd(args))),
28 | |             FormattedSyscallParam::new("pathname", format!("{:#x}", Self::pathname(args) as usize)),
29 | |             FormattedSyscallParam::new("times", format!("{:#x}", Self::times(args) as usize)),
30 | |             FormattedSyscallParam::new("flags", format!("{:#x}", Self::flags(args))),
31 | |         ]
32 | |     }
   | |_____- Double free (confidence 99%): Location in file src/filesystem/vfs/syscall/sys_utimensat.rs line 25.
    | MIR detail: Value _58(_, src/filesystem/vfs/syscall/sys_utimensat.rs:29) and _33(_, src/filesystem/vfs/syscall/sys_utimensat.rs:28) are alias.
    | MIR detail: _58(_, src/filesystem/vfs/syscall/sys_utimensat.rs:29) is dropped at BB27(/home/yuzhili/.rustup/toolchains/nightly-2025-08-10-x86_64-unknown-linux-gnu/lib/rustlib/src/rust/library/alloc/src/macros.rs:53); _33(_, src/filesystem/vfs/syscall/sys_utimensat.rs:28) is dropped at BB28(/home/yuzhili/.rustup/toolchains/nightly-2025-08-10-x86_64-unknown-linux-gnu/lib/rustlib/src/rust/library/alloc/src/macros.rs:53).
   |
render dot for DefId(0:20575 ~ dragonos_kernel[9e38]::filesystem::vfs::syscall::sys_utimensat::{impl#0}::entry_format)
