22:08:08|RAP|WARN|: Double free detected in function "entry_format"
warning: Double free detected during unwinding.
  --> src/filesystem/vfs/syscall/sys_epoll_ctl.rs:50:1
   |
50 | / fn entry_format(&self, args: &[usize]) -> Vec<FormattedSyscallParam> {
51 | |         vec![
52 | |             FormattedSyscallParam::new("epfd", format!("{:#x}", Self::epfd(args) as usize)),
53 | |             FormattedSyscallParam::new("op", format!("{:#x}", Self::op(args))),
54 | |             FormattedSyscallParam::new("fd", format!("{:#x}", Self::fd(args) as usize)),
55 | |             FormattedSyscallParam::new("event", format!("{:#x}", Self::event(args).data())),
56 | |         ]
57 | |     }
   | |_____- Double free (confidence 99%): Location in file src/filesystem/vfs/syscall/sys_epoll_ctl.rs line 50.
    | MIR detail: Value _34(_, src/filesystem/vfs/syscall/sys_epoll_ctl.rs:53) and _9(_, src/filesystem/vfs/syscall/sys_epoll_ctl.rs:52) are alias.
    | MIR detail: _34(_, src/filesystem/vfs/syscall/sys_epoll_ctl.rs:53) is dropped at BB29(/home/yuzhili/.rustup/toolchains/nightly-2025-08-10-x86_64-unknown-linux-gnu/lib/rustlib/src/rust/library/alloc/src/macros.rs:53); _9(_, src/filesystem/vfs/syscall/sys_epoll_ctl.rs:52) is dropped at BB30(/home/yuzhili/.rustup/toolchains/nightly-2025-08-10-x86_64-unknown-linux-gnu/lib/rustlib/src/rust/library/alloc/src/macros.rs:53).
   |
warning: Double free detected during unwinding.
  --> src/filesystem/vfs/syscall/sys_epoll_ctl.rs:50:1
   |
50 | / fn entry_format(&self, args: &[usize]) -> Vec<FormattedSyscallParam> {
51 | |         vec![
52 | |             FormattedSyscallParam::new("epfd", format!("{:#x}", Self::epfd(args) as usize)),
53 | |             FormattedSyscallParam::new("op", format!("{:#x}", Self::op(args))),
54 | |             FormattedSyscallParam::new("fd", format!("{:#x}", Self::fd(args) as usize)),
55 | |             FormattedSyscallParam::new("event", format!("{:#x}", Self::event(args).data())),
56 | |         ]
57 | |     }
   | |_____- Double free (confidence 99%): Location in file src/filesystem/vfs/syscall/sys_epoll_ctl.rs line 50.
    | MIR detail: Value _58(_, src/filesystem/vfs/syscall/sys_epoll_ctl.rs:54) and _34(_, src/filesystem/vfs/syscall/sys_epoll_ctl.rs:53) are alias.
    | MIR detail: _58(_, src/filesystem/vfs/syscall/sys_epoll_ctl.rs:54) is dropped at BB28(/home/yuzhili/.rustup/toolchains/nightly-2025-08-10-x86_64-unknown-linux-gnu/lib/rustlib/src/rust/library/alloc/src/macros.rs:53); _34(_, src/filesystem/vfs/syscall/sys_epoll_ctl.rs:53) is dropped at BB29(/home/yuzhili/.rustup/toolchains/nightly-2025-08-10-x86_64-unknown-linux-gnu/lib/rustlib/src/rust/library/alloc/src/macros.rs:53).
   |
render dot for DefId(0:20683 ~ dragonos_kernel[9e38]::filesystem::vfs::syscall::sys_epoll_ctl::{impl#0}::entry_format)
