22:08:08|RAP|WARN|: Double free detected in function "entry_format"
warning: Double free detected during unwinding.
  --> src/filesystem/vfs/syscall/sys_newfstatat.rs:29:1
   |
29 | / fn entry_format(&self, args: &[usize]) -> Vec<FormattedSyscallParam> {
30 | |         vec![
31 | |             FormattedSyscallParam::new("dfd", format!("{:#x}", Self::dfd(args))),
32 | |             FormattedSyscallParam::new("filename", format!("{:#x}", Self::filename_ptr(args))),
33 | |             FormattedSyscallParam::new(
34 | |                 "user_stat_buf_ptr",
35 | |                 format!("{:#x}", Self::user_stat_buf_ptr(args)),
36 | |             ),
37 | |             FormattedSyscallParam::new("flags", format!("{:#x}", Self::flags(args))),
38 | |         ]
39 | |     }
   | |_____- Double free (confidence 99%): Location in file src/filesystem/vfs/syscall/sys_newfstatat.rs line 29.
    | MIR detail: Value _33(_, src/filesystem/vfs/syscall/sys_newfstatat.rs:32) and _9(_, src/filesystem/vfs/syscall/sys_newfstatat.rs:31) are alias.
    | MIR detail: _33(_, src/filesystem/vfs/syscall/sys_newfstatat.rs:32) is dropped at BB28(/home/yuzhili/.rustup/toolchains/nightly-2025-08-10-x86_64-unknown-linux-gnu/lib/rustlib/src/rust/library/alloc/src/macros.rs:53); _9(_, src/filesystem/vfs/syscall/sys_newfstatat.rs:31) is dropped at BB29(/home/yuzhili/.rustup/toolchains/nightly-2025-08-10-x86_64-unknown-linux-gnu/lib/rustlib/src/rust/library/alloc/src/macros.rs:53).
   |
warning: Double free detected during unwinding.
  --> src/filesystem/vfs/syscall/sys_newfstatat.rs:29:1
   |
29 | / fn entry_format(&self, args: &[usize]) -> Vec<FormattedSyscallParam> {
30 | |         vec![
31 | |             FormattedSyscallParam::new("dfd", format!("{:#x}", Self::dfd(args))),
32 | |             FormattedSyscallParam::new("filename", format!("{:#x}", Self::filename_ptr(args))),
33 | |             FormattedSyscallParam::new(
34 | |                 "user_stat_buf_ptr",
35 | |                 format!("{:#x}", Self::user_stat_buf_ptr(args)),
36 | |             ),
37 | |             FormattedSyscallParam::new("flags", format!("{:#x}", Self::flags(args))),
38 | |         ]
39 | |     }
   | |_____- Double free (confidence 99%): Location in file src/filesystem/vfs/syscall/sys_newfstatat.rs line 29.
    | MIR detail: Value _57(_, src/filesystem/vfs/syscall/sys_newfstatat.rs:33) and _33(_, src/filesystem/vfs/syscall/sys_newfstatat.rs:32) are alias.
    | MIR detail: _57(_, src/filesystem/vfs/syscall/sys_newfstatat.rs:33) is dropped at BB27(/home/yuzhili/.rustup/toolchains/nightly-2025-08-10-x86_64-unknown-linux-gnu/lib/rustlib/src/rust/library/alloc/src/macros.rs:53); _33(_, src/filesystem/vfs/syscall/sys_newfstatat.rs:32) is dropped at BB28(/home/yuzhili/.rustup/toolchains/nightly-2025-08-10-x86_64-unknown-linux-gnu/lib/rustlib/src/rust/library/alloc/src/macros.rs:53).
   |
render dot for DefId(0:21189 ~ dragonos_kernel[9e38]::filesystem::vfs::syscall::sys_newfstatat::{impl#0}::entry_format)
