22:08:08|RAP|WARN|: Double free detected in function "entry_format"
warning: Double free detected during unwinding.
  --> src/filesystem/vfs/syscall/sys_fgetxattr.rs:27:1
   |
27 | / fn entry_format(&self, args: &[usize]) -> Vec<FormattedSyscallParam> {
28 | |         vec![
29 | |             FormattedSyscallParam::new("fd", Self::fd(args).to_string()),
30 | |             FormattedSyscallParam::new("name", format!("{:#x}", Self::name(args) as usize)),
31 | |             FormattedSyscallParam::new("buf", format!("{:#x}", Self::buf(args) as usize)),
32 | |             FormattedSyscallParam::new("size", Self::size(args).to_string()),
33 | |         ]
34 | |     }
   | |_____- Double free (confidence 99%): Location in file src/filesystem/vfs/syscall/sys_fgetxattr.rs line 27.
    | MIR detail: Value _14(_, src/filesystem/vfs/syscall/sys_fgetxattr.rs:30) and _9(_, src/filesystem/vfs/syscall/sys_fgetxattr.rs:29) are alias.
    | MIR detail: _14(_, src/filesystem/vfs/syscall/sys_fgetxattr.rs:30) is dropped at BB22(/home/yuzhili/.rustup/toolchains/nightly-2025-08-10-x86_64-unknown-linux-gnu/lib/rustlib/src/rust/library/alloc/src/macros.rs:53); _9(_, src/filesystem/vfs/syscall/sys_fgetxattr.rs:29) is dropped at BB23(/home/yuzhili/.rustup/toolchains/nightly-2025-08-10-x86_64-unknown-linux-gnu/lib/rustlib/src/rust/library/alloc/src/macros.rs:53).
   |
warning: Double free detected during unwinding.
  --> src/filesystem/vfs/syscall/sys_fgetxattr.rs:27:1
   |
27 | / fn entry_format(&self, args: &[usize]) -> Vec<FormattedSyscallParam> {
28 | |         vec![
29 | |             FormattedSyscallParam::new("fd", Self::fd(args).to_string()),
30 | |             FormattedSyscallParam::new("name", format!("{:#x}", Self::name(args) as usize)),
31 | |             FormattedSyscallParam::new("buf", format!("{:#x}", Self::buf(args) as usize)),
32 | |             FormattedSyscallParam::new("size", Self::size(args).to_string()),
33 | |         ]
34 | |     }
   | |_____- Double free (confidence 99%): Location in file src/filesystem/vfs/syscall/sys_fgetxattr.rs line 27.
    | MIR detail: Value _39(_, src/filesystem/vfs/syscall/sys_fgetxattr.rs:31) and _14(_, src/filesystem/vfs/syscall/sys_fgetxattr.rs:30) are alias.
    | MIR detail: _39(_, src/filesystem/vfs/syscall/sys_fgetxattr.rs:31) is dropped at BB21(/home/yuzhili/.rustup/toolchains/nightly-2025-08-10-x86_64-unknown-linux-gnu/lib/rustlib/src/rust/library/alloc/src/macros.rs:53); _14(_, src/filesystem/vfs/syscall/sys_fgetxattr.rs:30) is dropped at BB22(/home/yuzhili/.rustup/toolchains/nightly-2025-08-10-x86_64-unknown-linux-gnu/lib/rustlib/src/rust/library/alloc/src/macros.rs:53).
   |
render dot for DefId(0:21408 ~ dragonos_kernel[9e38]::filesystem::vfs::syscall::sys_fgetxattr::{impl#0}::entry_format)
