22:08:11|RAP|WARN|: Double free detected in function "entry_format"
warning: Double free detected during unwinding.
  --> src/ipc/syscall/sys_pidfd_sendsignal.rs:80:1
   |
80 | / fn entry_format(&self, args: &[usize]) -> Vec<FormattedSyscallParam> {
81 | |         vec![
82 | |             FormattedSyscallParam::new("pidfd", Self::pidfd(args).to_string()),
83 | |             FormattedSyscallParam::new("sig", Self::sig(args).to_string()),
84 | |             FormattedSyscallParam::new("siginfo", format!("{:#x}", Self::siginfo(args) as usize)),
85 | |             FormattedSyscallParam::new("options", format!("{:#x}", Self::flags(args))),
86 | |         ]
87 | |     }
   | |_____- Double free (confidence 99%): Location in file src/ipc/syscall/sys_pidfd_sendsignal.rs line 80.
    | MIR detail: Value _14(_, src/ipc/syscall/sys_pidfd_sendsignal.rs:83) and _9(_, src/ipc/syscall/sys_pidfd_sendsignal.rs:82) are alias.
    | MIR detail: _14(_, src/ipc/syscall/sys_pidfd_sendsignal.rs:83) is dropped at BB22(/home/yuzhili/.rustup/toolchains/nightly-2025-08-10-x86_64-unknown-linux-gnu/lib/rustlib/src/rust/library/alloc/src/macros.rs:53); _9(_, src/ipc/syscall/sys_pidfd_sendsignal.rs:82) is dropped at BB23(/home/yuzhili/.rustup/toolchains/nightly-2025-08-10-x86_64-unknown-linux-gnu/lib/rustlib/src/rust/library/alloc/src/macros.rs:53).
   |
warning: Double free detected during unwinding.
  --> src/ipc/syscall/sys_pidfd_sendsignal.rs:80:1
   |
80 | / fn entry_format(&self, args: &[usize]) -> Vec<FormattedSyscallParam> {
81 | |         vec![
82 | |             FormattedSyscallParam::new("pidfd", Self::pidfd(args).to_string()),
83 | |             FormattedSyscallParam::new("sig", Self::sig(args).to_string()),
84 | |             FormattedSyscallParam::new("siginfo", format!("{:#x}", Self::siginfo(args) as usize)),
85 | |             FormattedSyscallParam::new("options", format!("{:#x}", Self::flags(args))),
86 | |         ]
87 | |     }
   | |_____- Double free (confidence 99%): Location in file src/ipc/syscall/sys_pidfd_sendsignal.rs line 80.
    | MIR detail: Value _19(_, src/ipc/syscall/sys_pidfd_sendsignal.rs:84) and _14(_, src/ipc/syscall/sys_pidfd_sendsignal.rs:83) are alias.
    | MIR detail: _19(_, src/ipc/syscall/sys_pidfd_sendsignal.rs:84) is dropped at BB21(/home/yuzhili/.rustup/toolchains/nightly-2025-08-10-x86_64-unknown-linux-gnu/lib/rustlib/src/rust/library/alloc/src/macros.rs:53); _14(_, src/ipc/syscall/sys_pidfd_sendsignal.rs:83) is dropped at BB22(/home/yuzhili/.rustup/toolchains/nightly-2025-08-10-x86_64-unknown-linux-gnu/lib/rustlib/src/rust/library/alloc/src/macros.rs:53).
   |
render dot for DefId(0:22830 ~ dragonos_kernel[9e38]::ipc::syscall::sys_pidfd_sendsignal::{impl#1}::entry_format)
