22:08:12|RAP|WARN|: Double free detected in function "entry_format"
warning: Double free detected during unwinding.
   --> src/mm/syscall/sys_mmap.rs:99:1
    |
 99 | / fn entry_format(&self, args: &[usize]) -> Vec<FormattedSyscallParam> {
100 | |         vec![
101 | |             FormattedSyscallParam::new("start_vaddr", format!("{:#x}", Self::start_vaddr(args))),
102 | |             FormattedSyscallParam::new("len", format!("{:#x}", Self::len(args))),
103 | |             FormattedSyscallParam::new("prot", format!("{:#x}", Self::prot(args))),
104 | |             FormattedSyscallParam::new("flags", format!("{:#x}", Self::flags(args))),
105 | |             FormattedSyscallParam::new("fd", format!("{}", Self::fd(args))),
106 | |             FormattedSyscallParam::new("offset", format!("{:#x}", Self::offset(args))),
107 | |         ]
108 | |     }
    | |_____- Double free (confidence 99%): Location in file src/mm/syscall/sys_mmap.rs line 99.
    | MIR detail: Value _33(_, src/mm/syscall/sys_mmap.rs:102) and _9(_, src/mm/syscall/sys_mmap.rs:101) are alias.
    | MIR detail: _33(_, src/mm/syscall/sys_mmap.rs:102) is dropped at BB42(/home/yuzhili/.rustup/toolchains/nightly-2025-08-10-x86_64-unknown-linux-gnu/lib/rustlib/src/rust/library/alloc/src/macros.rs:53); _9(_, src/mm/syscall/sys_mmap.rs:101) is dropped at BB43(/home/yuzhili/.rustup/toolchains/nightly-2025-08-10-x86_64-unknown-linux-gnu/lib/rustlib/src/rust/library/alloc/src/macros.rs:53).
    |
warning: Double free detected during unwinding.
   --> src/mm/syscall/sys_mmap.rs:99:1
    |
 99 | / fn entry_format(&self, args: &[usize]) -> Vec<FormattedSyscallParam> {
100 | |         vec![
101 | |             FormattedSyscallParam::new("start_vaddr", format!("{:#x}", Self::start_vaddr(args))),
102 | |             FormattedSyscallParam::new("len", format!("{:#x}", Self::len(args))),
103 | |             FormattedSyscallParam::new("prot", format!("{:#x}", Self::prot(args))),
104 | |             FormattedSyscallParam::new("flags", format!("{:#x}", Self::flags(args))),
105 | |             FormattedSyscallParam::new("fd", format!("{}", Self::fd(args))),
106 | |             FormattedSyscallParam::new("offset", format!("{:#x}", Self::offset(args))),
107 | |         ]
108 | |     }
    | |_____- Double free (confidence 99%): Location in file src/mm/syscall/sys_mmap.rs line 99.
    | MIR detail: Value _57(_, src/mm/syscall/sys_mmap.rs:103) and _33(_, src/mm/syscall/sys_mmap.rs:102) are alias.
    | MIR detail: _57(_, src/mm/syscall/sys_mmap.rs:103) is dropped at BB41(/home/yuzhili/.rustup/toolchains/nightly-2025-08-10-x86_64-unknown-linux-gnu/lib/rustlib/src/rust/library/alloc/src/macros.rs:53); _33(_, src/mm/syscall/sys_mmap.rs:102) is dropped at BB42(/home/yuzhili/.rustup/toolchains/nightly-2025-08-10-x86_64-unknown-linux-gnu/lib/rustlib/src/rust/library/alloc/src/macros.rs:53).
    |
warning: Double free detected during unwinding.
   --> src/mm/syscall/sys_mmap.rs:99:1
    |
 99 | / fn entry_format(&self, args: &[usize]) -> Vec<FormattedSyscallParam> {
100 | |         vec![
101 | |             FormattedSyscallParam::new("start_vaddr", format!("{:#x}", Self::start_vaddr(args))),
102 | |             FormattedSyscallParam::new("len", format!("{:#x}", Self::len(args))),
103 | |             FormattedSyscallParam::new("prot", format!("{:#x}", Self::prot(args))),
104 | |             FormattedSyscallParam::new("flags", format!("{:#x}", Self::flags(args))),
105 | |             FormattedSyscallParam::new("fd", format!("{}", Self::fd(args))),
106 | |             FormattedSyscallParam::new("offset", format!("{:#x}", Self::offset(args))),
107 | |         ]
108 | |     }
    | |_____- Double free (confidence 99%): Location in file src/mm/syscall/sys_mmap.rs line 99.
    | MIR detail: Value _81(_, src/mm/syscall/sys_mmap.rs:104) and _57(_, src/mm/syscall/sys_mmap.rs:103) are alias.
    | MIR detail: _81(_, src/mm/syscall/sys_mmap.rs:104) is dropped at BB40(/home/yuzhili/.rustup/toolchains/nightly-2025-08-10-x86_64-unknown-linux-gnu/lib/rustlib/src/rust/library/alloc/src/macros.rs:53); _57(_, src/mm/syscall/sys_mmap.rs:103) is dropped at BB41(/home/yuzhili/.rustup/toolchains/nightly-2025-08-10-x86_64-unknown-linux-gnu/lib/rustlib/src/rust/library/alloc/src/macros.rs:53).
    |
warning: Double free detected during unwinding.
   --> src/mm/syscall/sys_mmap.rs:99:1
    |
 99 | / fn entry_format(&self, args: &[usize]) -> Vec<FormattedSyscallParam> {
100 | |         vec![
101 | |             FormattedSyscallParam::new("start_vaddr", format!("{:#x}", Self::start_vaddr(args))),
102 | |             FormattedSyscallParam::new("len", format!("{:#x}", Self::len(args))),
103 | |             FormattedSyscallParam::new("prot", format!("{:#x}", Self::prot(args))),
104 | |             FormattedSyscallParam::new("flags", format!("{:#x}", Self::flags(args))),
105 | |             FormattedSyscallParam::new("fd", format!("{}", Self::fd(args))),
106 | |             FormattedSyscallParam::new("offset", format!("{:#x}", Self::offset(args))),
107 | |         ]
108 | |     }
    | |_____- Double free (confidence 99%): Location in file src/mm/syscall/sys_mmap.rs line 99.
    | MIR detail: Value _105(_, src/mm/syscall/sys_mmap.rs:105) and _81(_, src/mm/syscall/sys_mmap.rs:104) are alias.
    | MIR detail: _105(_, src/mm/syscall/sys_mmap.rs:105) is dropped at BB39(/home/yuzhili/.rustup/toolchains/nightly-2025-08-10-x86_64-unknown-linux-gnu/lib/rustlib/src/rust/library/alloc/src/macros.rs:53); _81(_, src/mm/syscall/sys_mmap.rs:104) is dropped at BB40(/home/yuzhili/.rustup/toolchains/nightly-2025-08-10-x86_64-unknown-linux-gnu/lib/rustlib/src/rust/library/alloc/src/macros.rs:53).
    |
render dot for DefId(0:24736 ~ dragonos_kernel[9e38]::mm::syscall::sys_mmap::{impl#0}::entry_format)
