22:08:13|RAP|WARN|: Dangling pointer detected in function "finish_connect"
warning: Dangling pointer detected.
   --> src/net/socket/inet/stream/mod.rs:194:1
    |
194 | / pub fn finish_connect(&self) -> Result<(), SystemError> {
195 | |         let mut writer = self.inner.write();
196 | |         let inner::Inner::Connecting(conn) = writer.take().expect("Tcp inner::Inner is None")
197 | |         else {
198 | |             log::error!("TcpSocket::finish_connect: not Connecting");
199 | |             return Err(SystemError::EINVAL);
200 | |         };
201 | |
202 | |         let (inner, result) = conn.into_result();
203 | |         writer.replace(inner);
204 | |         drop(writer);
205 | |
206 | |         // log::info!("TcpSocket::finish_connect: {:?}", result);
207 | |         result
208 | |     }
    | |_____- Dangling pointer (confidence 99%): Location in file src/net/socket/inet/stream/mod.rs line 194.
    | MIR detail: Value UNKNWON(_18446744073709551615) in finish_connect and _1(self, src/net/socket/inet/stream/mod.rs:194) are alias.
    | MIR detail: UNKNWON(_18446744073709551615) in finish_connect is dropped at BB18446744073709551615(src/net/socket/inet/stream/mod.rs:194); _1(self, src/net/socket/inet/stream/mod.rs:194) became dangling.
    |
22:08:13|RAP|WARN|: Dangling pointer detected during unwinding in function "finish_connect"
warning: Dangling pointer detected during unwinding.
   --> src/net/socket/inet/stream/mod.rs:194:1
    |
194 | / pub fn finish_connect(&self) -> Result<(), SystemError> {
195 | |         let mut writer = self.inner.write();
196 | |         let inner::Inner::Connecting(conn) = writer.take().expect("Tcp inner::Inner is None")
197 | |         else {
198 | |             log::error!("TcpSocket::finish_connect: not Connecting");
199 | |             return Err(SystemError::EINVAL);
200 | |         };
201 | |
202 | |         let (inner, result) = conn.into_result();
203 | |         writer.replace(inner);
204 | |         drop(writer);
205 | |
206 | |         // log::info!("TcpSocket::finish_connect: {:?}", result);
207 | |         result
208 | |     }
    | |_____- Dangling pointer (confidence 99%): Location in file src/net/socket/inet/stream/mod.rs line 194.
    | MIR detail: Value UNKNWON(_18446744073709551615) in finish_connect and _1(self, src/net/socket/inet/stream/mod.rs:194) are alias.
    | MIR detail: UNKNWON(_18446744073709551615) in finish_connect is dropped at BB18446744073709551615(src/net/socket/inet/stream/mod.rs:194); _1(self, src/net/socket/inet/stream/mod.rs:194) became dangling.
    |
render dot for DefId(0:25975 ~ dragonos_kernel[9e38]::net::socket::inet::stream::{impl#0}::finish_connect)
