22:08:17|RAP|WARN|: Double free detected in function "entry_format"
warning: Double free detected during unwinding.
  --> src/process/syscall/sys_init_module.rs:55:1
   |
55 | / fn entry_format(&self, args: &[usize]) -> Vec<FormattedSyscallParam> {
56 | |         if args.len() < 3 {
57 | |             return vec![];
58 | |         }
59 | |
60 | |         vec![
61 | |             FormattedSyscallParam::new("module_image", format!("0x{:x}", args[0])),
62 | |             FormattedSyscallParam::new("len", format!("{}", args[1])),
63 | |             FormattedSyscallParam::new("param_values", format!("0x{:x}", args[2])),
64 | |         ]
65 | |     }
   | |_____- Double free (confidence 99%): Location in file src/process/syscall/sys_init_module.rs line 55.
    | MIR detail: Value _30(_, src/process/syscall/sys_init_module.rs:62) and _14(_, src/process/syscall/sys_init_module.rs:61) are alias.
    | MIR detail: _30(_, src/process/syscall/sys_init_module.rs:62) is dropped at BB26(/home/yuzhili/.rustup/toolchains/nightly-2025-08-10-x86_64-unknown-linux-gnu/lib/rustlib/src/rust/library/alloc/src/macros.rs:53); _14(_, src/process/syscall/sys_init_module.rs:61) is dropped at BB27(/home/yuzhili/.rustup/toolchains/nightly-2025-08-10-x86_64-unknown-linux-gnu/lib/rustlib/src/rust/library/alloc/src/macros.rs:53).
   |
render dot for DefId(0:29289 ~ dragonos_kernel[9e38]::process::syscall::sys_init_module::{impl#0}::entry_format)
