22:08:17|RAP|WARN|: Double free detected in function "entry_format"
warning: Double free detected during unwinding.
  --> src/process/syscall/sys_wait4.rs:78:1
   |
78 | / fn entry_format(&self, args: &[usize]) -> Vec<FormattedSyscallParam> {
79 | |         vec![
80 | |             FormattedSyscallParam::new("pid", format!("{:#x}", Self::pid(args))),
81 | |             FormattedSyscallParam::new("wstatus", format!("{:#x}", Self::wstatus(args) as usize)),
82 | |             FormattedSyscallParam::new("options", format!("{:#x}", Self::options(args))),
83 | |             FormattedSyscallParam::new("rusage", format!("{:#x}", Self::rusage(args) as usize)),
84 | |         ]
85 | |     }
   | |_____- Double free (confidence 99%): Location in file src/process/syscall/sys_wait4.rs line 78.
    | MIR detail: Value _33(_, src/process/syscall/sys_wait4.rs:81) and _9(_, src/process/syscall/sys_wait4.rs:80) are alias.
    | MIR detail: _33(_, src/process/syscall/sys_wait4.rs:81) is dropped at BB28(/home/yuzhili/.rustup/toolchains/nightly-2025-08-10-x86_64-unknown-linux-gnu/lib/rustlib/src/rust/library/alloc/src/macros.rs:53); _9(_, src/process/syscall/sys_wait4.rs:80) is dropped at BB29(/home/yuzhili/.rustup/toolchains/nightly-2025-08-10-x86_64-unknown-linux-gnu/lib/rustlib/src/rust/library/alloc/src/macros.rs:53).
   |
warning: Double free detected during unwinding.
  --> src/process/syscall/sys_wait4.rs:78:1
   |
78 | / fn entry_format(&self, args: &[usize]) -> Vec<FormattedSyscallParam> {
79 | |         vec![
80 | |             FormattedSyscallParam::new("pid", format!("{:#x}", Self::pid(args))),
81 | |             FormattedSyscallParam::new("wstatus", format!("{:#x}", Self::wstatus(args) as usize)),
82 | |             FormattedSyscallParam::new("options", format!("{:#x}", Self::options(args))),
83 | |             FormattedSyscallParam::new("rusage", format!("{:#x}", Self::rusage(args) as usize)),
84 | |         ]
85 | |     }
   | |_____- Double free (confidence 99%): Location in file src/process/syscall/sys_wait4.rs line 78.
    | MIR detail: Value _58(_, src/process/syscall/sys_wait4.rs:82) and _33(_, src/process/syscall/sys_wait4.rs:81) are alias.
    | MIR detail: _58(_, src/process/syscall/sys_wait4.rs:82) is dropped at BB27(/home/yuzhili/.rustup/toolchains/nightly-2025-08-10-x86_64-unknown-linux-gnu/lib/rustlib/src/rust/library/alloc/src/macros.rs:53); _33(_, src/process/syscall/sys_wait4.rs:81) is dropped at BB28(/home/yuzhili/.rustup/toolchains/nightly-2025-08-10-x86_64-unknown-linux-gnu/lib/rustlib/src/rust/library/alloc/src/macros.rs:53).
   |
render dot for DefId(0:29697 ~ dragonos_kernel[9e38]::process::syscall::sys_wait4::{impl#1}::entry_format)
