22:07:47|RAP|WARN|: Dangling pointer detected in function "start_counter"
22:07:47|RAP|WARN|: Dangling pointer detected during unwinding in function "start_counter"
warning: Dangling pointer detected.
   --> src/arch/x86_64/driver/hpet.rs:332:1
    |
332 | / fn start_counter(&self) {
333 | |         let (_, regs) = unsafe { self.hpet_regs_mut() };
334 | |         let mut cfg = regs.general_config();
335 | |         cfg |= HPET_CFG_ENABLE;
336 | |         unsafe { regs.write_general_config(cfg) };
337 | |     }
    | |_____- Dangling pointer (confidence 99%): Location in file src/arch/x86_64/driver/hpet.rs line 332.
    | MIR detail: Value _3(_, src/arch/x86_64/driver/hpet.rs:333) and _1(self, src/arch/x86_64/driver/hpet.rs:332) are alias.
    | MIR detail: _3(_, src/arch/x86_64/driver/hpet.rs:333) is dropped at BB1(src/arch/x86_64/driver/hpet.rs:333); _1(self, src/arch/x86_64/driver/hpet.rs:332) became dangling.
    |
warning: Dangling pointer detected during unwinding.
   --> src/arch/x86_64/driver/hpet.rs:332:1
    |
332 | / fn start_counter(&self) {
333 | |         let (_, regs) = unsafe { self.hpet_regs_mut() };
334 | |         let mut cfg = regs.general_config();
335 | |         cfg |= HPET_CFG_ENABLE;
336 | |         unsafe { regs.write_general_config(cfg) };
337 | |     }
    | |_____- Dangling pointer (confidence 99%): Location in file src/arch/x86_64/driver/hpet.rs line 332.
    | MIR detail: Value _3(_, src/arch/x86_64/driver/hpet.rs:333) and _1(self, src/arch/x86_64/driver/hpet.rs:332) are alias.
    | MIR detail: _3(_, src/arch/x86_64/driver/hpet.rs:333) is dropped at BB1(src/arch/x86_64/driver/hpet.rs:333); _1(self, src/arch/x86_64/driver/hpet.rs:332) became dangling.
    |
render dot for DefId(0:616 ~ dragonos_kernel[9e38]::arch::x86_64::driver::hpet::{impl#0}::start_counter)
