22:08:07|RAP|WARN|: Double free detected in function "entry_format"
warning: Double free detected during unwinding.
  --> src/filesystem/vfs/syscall/sys_faccessat2.rs:27:1
   |
27 | / fn entry_format(&self, args: &[usize]) -> Vec<FormattedSyscallParam> {
28 | |         vec![
29 | |             FormattedSyscallParam::new("dirfd", format!("{:#x}", Self::dirfd(args))),
30 | |             FormattedSyscallParam::new("pathname", format!("{:#x}", Self::pathname(args) as usize)),
31 | |             FormattedSyscallParam::new("mode", format!("{:#x}", Self::mode(args))),
32 | |             FormattedSyscallParam::new("flags", format!("{:#x}", Self::flags(args))),
33 | |         ]
34 | |     }
   | |_____- Double free (confidence 99%): Location in file src/filesystem/vfs/syscall/sys_faccessat2.rs line 27.
    | MIR detail: Value _33(_, src/filesystem/vfs/syscall/sys_faccessat2.rs:30) and _9(_, src/filesystem/vfs/syscall/sys_faccessat2.rs:29) are alias.
    | MIR detail: _33(_, src/filesystem/vfs/syscall/sys_faccessat2.rs:30) is dropped at BB28(/home/yuzhili/.rustup/toolchains/nightly-2025-08-10-x86_64-unknown-linux-gnu/lib/rustlib/src/rust/library/alloc/src/macros.rs:53); _9(_, src/filesystem/vfs/syscall/sys_faccessat2.rs:29) is dropped at BB29(/home/yuzhili/.rustup/toolchains/nightly-2025-08-10-x86_64-unknown-linux-gnu/lib/rustlib/src/rust/library/alloc/src/macros.rs:53).
   |
warning: Double free detected during unwinding.
  --> src/filesystem/vfs/syscall/sys_faccessat2.rs:27:1
   |
27 | / fn entry_format(&self, args: &[usize]) -> Vec<FormattedSyscallParam> {
28 | |         vec![
29 | |             FormattedSyscallParam::new("dirfd", format!("{:#x}", Self::dirfd(args))),
30 | |             FormattedSyscallParam::new("pathname", format!("{:#x}", Self::pathname(args) as usize)),
31 | |             FormattedSyscallParam::new("mode", format!("{:#x}", Self::mode(args))),
32 | |             FormattedSyscallParam::new("flags", format!("{:#x}", Self::flags(args))),
33 | |         ]
34 | |     }
   | |_____- Double free (confidence 99%): Location in file src/filesystem/vfs/syscall/sys_faccessat2.rs line 27.
    | MIR detail: Value _58(_, src/filesystem/vfs/syscall/sys_faccessat2.rs:31) and _33(_, src/filesystem/vfs/syscall/sys_faccessat2.rs:30) are alias.
    | MIR detail: _58(_, src/filesystem/vfs/syscall/sys_faccessat2.rs:31) is dropped at BB27(/home/yuzhili/.rustup/toolchains/nightly-2025-08-10-x86_64-unknown-linux-gnu/lib/rustlib/src/rust/library/alloc/src/macros.rs:53); _33(_, src/filesystem/vfs/syscall/sys_faccessat2.rs:30) is dropped at BB28(/home/yuzhili/.rustup/toolchains/nightly-2025-08-10-x86_64-unknown-linux-gnu/lib/rustlib/src/rust/library/alloc/src/macros.rs:53).
   |
render dot for DefId(0:19778 ~ dragonos_kernel[9e38]::filesystem::vfs::syscall::sys_faccessat2::{impl#0}::entry_format)
