22:08:08|RAP|WARN|: Double free detected in function "entry_format"
warning: Double free detected during unwinding.
  --> src/filesystem/vfs/syscall/sys_mknodat.rs:59:1
   |
59 | / fn entry_format(&self, args: &[usize]) -> Vec<FormattedSyscallParam> {
60 | |         vec![
61 | |             FormattedSyscallParam::new("dirfd", Self::dirfd(args).to_string()),
62 | |             FormattedSyscallParam::new("path", format!("{:#x}", Self::path(args) as usize)),
63 | |             FormattedSyscallParam::new("mode", Self::mode(args).to_string()),
64 | |             FormattedSyscallParam::new("dev", Self::dev(args).to_string()),
65 | |         ]
66 | |     }
   | |_____- Double free (confidence 99%): Location in file src/filesystem/vfs/syscall/sys_mknodat.rs line 59.
    | MIR detail: Value _14(_, src/filesystem/vfs/syscall/sys_mknodat.rs:62) and _9(_, src/filesystem/vfs/syscall/sys_mknodat.rs:61) are alias.
    | MIR detail: _14(_, src/filesystem/vfs/syscall/sys_mknodat.rs:62) is dropped at BB19(/home/yuzhili/.rustup/toolchains/nightly-2025-08-10-x86_64-unknown-linux-gnu/lib/rustlib/src/rust/library/alloc/src/macros.rs:53); _9(_, src/filesystem/vfs/syscall/sys_mknodat.rs:61) is dropped at BB20(/home/yuzhili/.rustup/toolchains/nightly-2025-08-10-x86_64-unknown-linux-gnu/lib/rustlib/src/rust/library/alloc/src/macros.rs:53).
   |
warning: Double free detected during unwinding.
  --> src/filesystem/vfs/syscall/sys_mknodat.rs:59:1
   |
59 | / fn entry_format(&self, args: &[usize]) -> Vec<FormattedSyscallParam> {
60 | |         vec![
61 | |             FormattedSyscallParam::new("dirfd", Self::dirfd(args).to_string()),
62 | |             FormattedSyscallParam::new("path", format!("{:#x}", Self::path(args) as usize)),
63 | |             FormattedSyscallParam::new("mode", Self::mode(args).to_string()),
64 | |             FormattedSyscallParam::new("dev", Self::dev(args).to_string()),
65 | |         ]
66 | |     }
   | |_____- Double free (confidence 99%): Location in file src/filesystem/vfs/syscall/sys_mknodat.rs line 59.
    | MIR detail: Value _39(_, src/filesystem/vfs/syscall/sys_mknodat.rs:63) and _14(_, src/filesystem/vfs/syscall/sys_mknodat.rs:62) are alias.
    | MIR detail: _39(_, src/filesystem/vfs/syscall/sys_mknodat.rs:63) is dropped at BB18(/home/yuzhili/.rustup/toolchains/nightly-2025-08-10-x86_64-unknown-linux-gnu/lib/rustlib/src/rust/library/alloc/src/macros.rs:53); _14(_, src/filesystem/vfs/syscall/sys_mknodat.rs:62) is dropped at BB19(/home/yuzhili/.rustup/toolchains/nightly-2025-08-10-x86_64-unknown-linux-gnu/lib/rustlib/src/rust/library/alloc/src/macros.rs:53).
   |
render dot for DefId(0:20155 ~ dragonos_kernel[9e38]::filesystem::vfs::syscall::sys_mknodat::{impl#0}::entry_format)
