22:08:08|RAP|WARN|: Double free detected in function "entry_format"
warning: Double free detected during unwinding.
  --> src/filesystem/vfs/syscall/sys_pread64.rs:73:1
   |
73 | / fn entry_format(&self, args: &[usize]) -> Vec<FormattedSyscallParam> {
74 | |         vec![
75 | |             FormattedSyscallParam::new("fd", Self::fd(args).to_string()),
76 | |             FormattedSyscallParam::new("buf", format!("{:#x}", Self::buf(args) as usize)),
77 | |             FormattedSyscallParam::new("count", Self::len(args).to_string()),
78 | |             FormattedSyscallParam::new("offset", Self::offset(args).to_string()),
79 | |         ]
80 | |     }
   | |_____- Double free (confidence 99%): Location in file src/filesystem/vfs/syscall/sys_pread64.rs line 73.
    | MIR detail: Value _14(_, src/filesystem/vfs/syscall/sys_pread64.rs:76) and _9(_, src/filesystem/vfs/syscall/sys_pread64.rs:75) are alias.
    | MIR detail: _14(_, src/filesystem/vfs/syscall/sys_pread64.rs:76) is dropped at BB19(/home/yuzhili/.rustup/toolchains/nightly-2025-08-10-x86_64-unknown-linux-gnu/lib/rustlib/src/rust/library/alloc/src/macros.rs:53); _9(_, src/filesystem/vfs/syscall/sys_pread64.rs:75) is dropped at BB20(/home/yuzhili/.rustup/toolchains/nightly-2025-08-10-x86_64-unknown-linux-gnu/lib/rustlib/src/rust/library/alloc/src/macros.rs:53).
   |
warning: Double free detected during unwinding.
  --> src/filesystem/vfs/syscall/sys_pread64.rs:73:1
   |
73 | / fn entry_format(&self, args: &[usize]) -> Vec<FormattedSyscallParam> {
74 | |         vec![
75 | |             FormattedSyscallParam::new("fd", Self::fd(args).to_string()),
76 | |             FormattedSyscallParam::new("buf", format!("{:#x}", Self::buf(args) as usize)),
77 | |             FormattedSyscallParam::new("count", Self::len(args).to_string()),
78 | |             FormattedSyscallParam::new("offset", Self::offset(args).to_string()),
79 | |         ]
80 | |     }
   | |_____- Double free (confidence 99%): Location in file src/filesystem/vfs/syscall/sys_pread64.rs line 73.
    | MIR detail: Value _39(_, src/filesystem/vfs/syscall/sys_pread64.rs:77) and _14(_, src/filesystem/vfs/syscall/sys_pread64.rs:76) are alias.
    | MIR detail: _39(_, src/filesystem/vfs/syscall/sys_pread64.rs:77) is dropped at BB18(/home/yuzhili/.rustup/toolchains/nightly-2025-08-10-x86_64-unknown-linux-gnu/lib/rustlib/src/rust/library/alloc/src/macros.rs:53); _14(_, src/filesystem/vfs/syscall/sys_pread64.rs:76) is dropped at BB19(/home/yuzhili/.rustup/toolchains/nightly-2025-08-10-x86_64-unknown-linux-gnu/lib/rustlib/src/rust/library/alloc/src/macros.rs:53).
   |
render dot for DefId(0:20202 ~ dragonos_kernel[9e38]::filesystem::vfs::syscall::sys_pread64::{impl#0}::entry_format)
