22:08:08|RAP|WARN|: Double free detected in function "entry_format"
warning: Double free detected during unwinding.
  --> src/filesystem/vfs/syscall/sys_pwrite64.rs:66:1
   |
66 | / fn entry_format(&self, args: &[usize]) -> Vec<FormattedSyscallParam> {
67 | |         vec![
68 | |             FormattedSyscallParam::new("fd", Self::fd(args).to_string()),
69 | |             FormattedSyscallParam::new("buf", format!("{:#x}", Self::buf(args) as usize)),
70 | |             FormattedSyscallParam::new("count", Self::len(args).to_string()),
71 | |             FormattedSyscallParam::new("offset", Self::offset(args).to_string()),
72 | |         ]
73 | |     }
   | |_____- Double free (confidence 99%): Location in file src/filesystem/vfs/syscall/sys_pwrite64.rs line 66.
    | MIR detail: Value _14(_, src/filesystem/vfs/syscall/sys_pwrite64.rs:69) and _9(_, src/filesystem/vfs/syscall/sys_pwrite64.rs:68) are alias.
    | MIR detail: _14(_, src/filesystem/vfs/syscall/sys_pwrite64.rs:69) is dropped at BB19(/home/yuzhili/.rustup/toolchains/nightly-2025-08-10-x86_64-unknown-linux-gnu/lib/rustlib/src/rust/library/alloc/src/macros.rs:53); _9(_, src/filesystem/vfs/syscall/sys_pwrite64.rs:68) is dropped at BB20(/home/yuzhili/.rustup/toolchains/nightly-2025-08-10-x86_64-unknown-linux-gnu/lib/rustlib/src/rust/library/alloc/src/macros.rs:53).
   |
warning: Double free detected during unwinding.
  --> src/filesystem/vfs/syscall/sys_pwrite64.rs:66:1
   |
66 | / fn entry_format(&self, args: &[usize]) -> Vec<FormattedSyscallParam> {
67 | |         vec![
68 | |             FormattedSyscallParam::new("fd", Self::fd(args).to_string()),
69 | |             FormattedSyscallParam::new("buf", format!("{:#x}", Self::buf(args) as usize)),
70 | |             FormattedSyscallParam::new("count", Self::len(args).to_string()),
71 | |             FormattedSyscallParam::new("offset", Self::offset(args).to_string()),
72 | |         ]
73 | |     }
   | |_____- Double free (confidence 99%): Location in file src/filesystem/vfs/syscall/sys_pwrite64.rs line 66.
    | MIR detail: Value _39(_, src/filesystem/vfs/syscall/sys_pwrite64.rs:70) and _14(_, src/filesystem/vfs/syscall/sys_pwrite64.rs:69) are alias.
    | MIR detail: _39(_, src/filesystem/vfs/syscall/sys_pwrite64.rs:70) is dropped at BB18(/home/yuzhili/.rustup/toolchains/nightly-2025-08-10-x86_64-unknown-linux-gnu/lib/rustlib/src/rust/library/alloc/src/macros.rs:53); _14(_, src/filesystem/vfs/syscall/sys_pwrite64.rs:69) is dropped at BB19(/home/yuzhili/.rustup/toolchains/nightly-2025-08-10-x86_64-unknown-linux-gnu/lib/rustlib/src/rust/library/alloc/src/macros.rs:53).
   |
render dot for DefId(0:20269 ~ dragonos_kernel[9e38]::filesystem::vfs::syscall::sys_pwrite64::{impl#0}::entry_format)
